build/app/intermediates/manifest_merge_blame_file/release/manifest-merger-blame-release-report.txt
1<?xml version="1.0" encoding="utf-8"?>
2<manifest xmlns:android="http://schemas.android.com/apk/res/android"
3    package="com.wigilabs.spotify"
4    android:versionCode="2"
5    android:versionName="1.0.1" >
6
7    <uses-sdk
8        android:minSdkVersion="21"
8-->src\main\AndroidManifest.xml
9        android:targetSdkVersion="28" />
9-->src\main\AndroidManifest.xml
10    <!--
11         io.flutter.app.FlutterApplication is an android.app.Application that
12         calls FlutterMain.startInitialization(this); in its onCreate method.
13         In most cases you can leave this as-is, but you if you want to provide
14         additional functionality it is fine to subclass or reimplement
15         FlutterApplication and put your custom class here.
16    -->
17
18    <uses-permission android:name="android.permission.INTERNET" />
18-->src\main\AndroidManifest.xml:9:5-66
18-->src\main\AndroidManifest.xml:9:22-64
19
20    <application
20-->src\main\AndroidManifest.xml:11:5-59:19
21        android:name="io.flutter.app.FlutterApplication"
21-->src\main\AndroidManifest.xml:12:9-57
22        android:appComponentFactory="androidx.core.app.CoreComponentFactory"
22-->[androidx.core:core:1.1.0] AndroidManifest.xml:24:18-86
23        android:icon="@mipmap/ic_launcher"
23-->src\main\AndroidManifest.xml:14:9-43
24        android:label="wigilabsSpotify"
24-->src\main\AndroidManifest.xml:13:9-40
25        android:supportsRtl="true" >
25-->[com.facebook.android:facebook-login:5.5.1] AndroidManifest.xml:28:18-44
26        <activity
26-->src\main\AndroidManifest.xml:15:9-26:20
27            android:name="com.wigilabs.spotify.MainActivity"
27-->src\main\AndroidManifest.xml:16:13-41
28            android:configChanges="orientation|keyboardHidden|keyboard|screenSize|smallestScreenSize|locale|layoutDirection|fontScale|screenLayout|density|uiMode"
28-->src\main\AndroidManifest.xml:19:13-163
29            android:hardwareAccelerated="true"
29-->src\main\AndroidManifest.xml:20:13-47
30            android:launchMode="singleTop"
30-->src\main\AndroidManifest.xml:17:13-43
31            android:theme="@style/LaunchTheme"
31-->src\main\AndroidManifest.xml:18:13-47
32            android:windowSoftInputMode="adjustResize" >
32-->src\main\AndroidManifest.xml:21:13-55
33            <intent-filter>
33-->src\main\AndroidManifest.xml:22:13-25:29
34                <action android:name="android.intent.action.MAIN" />
34-->src\main\AndroidManifest.xml:23:17-68
34-->src\main\AndroidManifest.xml:23:25-66
35
36                <category android:name="android.intent.category.LAUNCHER" />
36-->src\main\AndroidManifest.xml:24:17-76
36-->src\main\AndroidManifest.xml:24:27-74
37            </intent-filter>
38        </activity>
39        <!--
40             Don't delete the meta-data below.
41             This is used by the Flutter tool to generate GeneratedPluginRegistrant.java
42        -->
43        <meta-data
43-->src\main\AndroidManifest.xml:29:9-30:54
44            android:name="com.facebook.sdk.ApplicationId"
44-->src\main\AndroidManifest.xml:29:20-65
45            android:value="@string/facebook_app_id" />
45-->src\main\AndroidManifest.xml:30:13-52
46
47        <activity
47-->src\main\AndroidManifest.xml:32:9-35:48
48            android:name="com.facebook.FacebookActivity"
48-->src\main\AndroidManifest.xml:32:19-63
49            android:configChanges="keyboard|keyboardHidden|screenLayout|screenSize|orientation"
49-->src\main\AndroidManifest.xml:33:13-113
50            android:label="@string/app_name"
50-->src\main\AndroidManifest.xml:35:13-45
51            android:theme="@style/com_facebook_activity_theme" />
51-->[com.facebook.android:facebook-common:5.5.1] AndroidManifest.xml:32:13-63
52        <activity android:name="com.linusu.flutter_web_auth.CallbackActivity" >
52-->src\main\AndroidManifest.xml:36:9-43:20
52-->src\main\AndroidManifest.xml:36:19-78
53            <intent-filter android:label="flutter_web_auth" >
53-->src\main\AndroidManifest.xml:37:13-42:29
53-->src\main\AndroidManifest.xml:37:28-60
54                <action android:name="android.intent.action.VIEW" />
54-->src\main\AndroidManifest.xml:38:17-69
54-->src\main\AndroidManifest.xml:38:25-66
55
56                <category android:name="android.intent.category.DEFAULT" />
56-->src\main\AndroidManifest.xml:39:17-76
56-->src\main\AndroidManifest.xml:39:27-73
57                <category android:name="android.intent.category.BROWSABLE" />
57-->src\main\AndroidManifest.xml:40:17-78
57-->src\main\AndroidManifest.xml:40:27-75
58
59                <data android:scheme="alarmfy" />
59-->src\main\AndroidManifest.xml:41:17-50
59-->src\main\AndroidManifest.xml:41:23-47
60            </intent-filter>
61        </activity>
62        <activity
62-->src\main\AndroidManifest.xml:44:9-53:20
63            android:name="com.facebook.CustomTabActivity"
63-->src\main\AndroidManifest.xml:45:13-58
64            android:exported="true" >
64-->src\main\AndroidManifest.xml:46:13-36
65            <intent-filter>
65-->src\main\AndroidManifest.xml:47:13-52:29
66                <action android:name="android.intent.action.VIEW" />
66-->src\main\AndroidManifest.xml:38:17-69
66-->src\main\AndroidManifest.xml:38:25-66
67
68                <category android:name="android.intent.category.DEFAULT" />
68-->src\main\AndroidManifest.xml:39:17-76
68-->src\main\AndroidManifest.xml:39:27-73
69                <category android:name="android.intent.category.BROWSABLE" />
69-->src\main\AndroidManifest.xml:40:17-78
69-->src\main\AndroidManifest.xml:40:27-75
70
71                <data android:scheme="@string/fb_login_protocol_scheme" />
71-->src\main\AndroidManifest.xml:41:17-50
71-->src\main\AndroidManifest.xml:41:23-47
72            </intent-filter>
73        </activity>
74
75        <meta-data
75-->src\main\AndroidManifest.xml:56:9-58:33
76            android:name="flutterEmbedding"
76-->src\main\AndroidManifest.xml:57:13-44
77            android:value="2" />
77-->src\main\AndroidManifest.xml:58:13-30
78
79        <service
79-->[:firebase_auth] AndroidManifest.xml:8:9-12:19
80            android:name="com.google.firebase.components.ComponentDiscoveryService"
80-->[:firebase_auth] AndroidManifest.xml:8:18-89
81            android:directBootAware="true"
81-->[com.google.firebase:firebase-common:19.3.0] AndroidManifest.xml:34:13-43
82            android:exported="false" >
82-->[com.google.firebase:firebase-auth:19.2.0] AndroidManifest.xml:35:13-37
83            <meta-data
83-->[:firebase_auth] AndroidManifest.xml:9:13-11:85
84                android:name="com.google.firebase.components:io.flutter.plugins.firebaseauth.FlutterFirebaseAppRegistrar"
84-->[:firebase_auth] AndroidManifest.xml:10:17-122
85                android:value="com.google.firebase.components.ComponentRegistrar" />
85-->[:firebase_auth] AndroidManifest.xml:11:17-82
86            <meta-data
86-->[:firebase_core] AndroidManifest.xml:9:13-11:85
87                android:name="com.google.firebase.components:io.flutter.plugins.firebase.core.FlutterFirebaseAppRegistrar"
87-->[:firebase_core] AndroidManifest.xml:10:17-123
88                android:value="com.google.firebase.components.ComponentRegistrar" />
88-->[:firebase_core] AndroidManifest.xml:11:17-82
89            <meta-data
89-->[com.google.firebase:firebase-auth:19.2.0] AndroidManifest.xml:36:13-38:85
90                android:name="com.google.firebase.components:com.google.firebase.auth.FirebaseAuthRegistrar"
90-->[com.google.firebase:firebase-auth:19.2.0] AndroidManifest.xml:37:17-109
91                android:value="com.google.firebase.components.ComponentRegistrar" />
91-->[com.google.firebase:firebase-auth:19.2.0] AndroidManifest.xml:38:17-82
92        </service>
93
94        <activity
94-->[:url_launcher] AndroidManifest.xml:8:9-11:74
95            android:name="io.flutter.plugins.urllauncher.WebViewActivity"
95-->[:url_launcher] AndroidManifest.xml:9:13-74
96            android:exported="false"
96-->[:url_launcher] AndroidManifest.xml:10:13-37
97            android:theme="@android:style/Theme.NoTitleBar.Fullscreen" />
97-->[:url_launcher] AndroidManifest.xml:11:13-71
98        <activity
98-->[com.google.android.gms:play-services-auth:16.0.1] AndroidManifest.xml:23:9-27:75
99            android:name="com.google.android.gms.auth.api.signin.internal.SignInHubActivity"
99-->[com.google.android.gms:play-services-auth:16.0.1] AndroidManifest.xml:24:13-93
100            android:excludeFromRecents="true"
100-->[com.google.android.gms:play-services-auth:16.0.1] AndroidManifest.xml:25:13-46
101            android:exported="false"
101-->[com.google.android.gms:play-services-auth:16.0.1] AndroidManifest.xml:26:13-37
102            android:theme="@android:style/Theme.Translucent.NoTitleBar" />
102-->[com.google.android.gms:play-services-auth:16.0.1] AndroidManifest.xml:27:13-72
103        <!--
104            Service handling Google Sign-In user revocation. For apps that do not integrate with
105            Google Sign-In, this service will never be started.
106        -->
107        <service
107-->[com.google.android.gms:play-services-auth:16.0.1] AndroidManifest.xml:33:9-36:110
108            android:name="com.google.android.gms.auth.api.signin.RevocationBoundService"
108-->[com.google.android.gms:play-services-auth:16.0.1] AndroidManifest.xml:34:13-89
109            android:exported="true"
109-->[com.google.android.gms:play-services-auth:16.0.1] AndroidManifest.xml:35:13-36
110            android:permission="com.google.android.gms.auth.api.signin.permission.REVOCATION_NOTIFICATION" />
110-->[com.google.android.gms:play-services-auth:16.0.1] AndroidManifest.xml:36:13-107
111
112        <activity android:name="com.facebook.CustomTabMainActivity" />
112-->[com.facebook.android:facebook-common:5.5.1] AndroidManifest.xml:33:9-71
112-->[com.facebook.android:facebook-common:5.5.1] AndroidManifest.xml:33:19-68
113        <activity
113-->[com.google.firebase:firebase-auth:19.2.0] AndroidManifest.xml:24:9-31:50
114            android:name="com.google.firebase.auth.internal.FederatedSignInActivity"
114-->[com.google.firebase:firebase-auth:19.2.0] AndroidManifest.xml:25:13-85
115            android:excludeFromRecents="true"
115-->[com.google.firebase:firebase-auth:19.2.0] AndroidManifest.xml:26:13-46
116            android:exported="true"
116-->[com.google.firebase:firebase-auth:19.2.0] AndroidManifest.xml:27:13-36
117            android:launchMode="singleTask"
117-->[com.google.firebase:firebase-auth:19.2.0] AndroidManifest.xml:28:13-44
118            android:permission="com.google.firebase.auth.api.gms.permission.LAUNCH_FEDERATED_SIGN_IN"
118-->[com.google.firebase:firebase-auth:19.2.0] AndroidManifest.xml:29:13-102
119            android:theme="@android:style/Theme.Translucent.NoTitleBar" />
119-->[com.google.firebase:firebase-auth:19.2.0] AndroidManifest.xml:30:13-72
120
121        <provider
121-->[com.google.firebase:firebase-common:19.3.0] AndroidManifest.xml:26:9-30:39
122            android:name="com.google.firebase.provider.FirebaseInitProvider"
122-->[com.google.firebase:firebase-common:19.3.0] AndroidManifest.xml:27:13-77
123            android:authorities="com.wigilabs.spotify.firebaseinitprovider"
123-->[com.google.firebase:firebase-common:19.3.0] AndroidManifest.xml:28:13-72
124            android:exported="false"
124-->[com.google.firebase:firebase-common:19.3.0] AndroidManifest.xml:29:13-37
125            android:initOrder="100" />
125-->[com.google.firebase:firebase-common:19.3.0] AndroidManifest.xml:30:13-36
126
127        <activity
127-->[com.google.android.gms:play-services-base:17.1.0] AndroidManifest.xml:23:9-26:75
128            android:name="com.google.android.gms.common.api.GoogleApiActivity"
128-->[com.google.android.gms:play-services-base:17.1.0] AndroidManifest.xml:24:13-79
129            android:exported="false"
129-->[com.google.android.gms:play-services-base:17.1.0] AndroidManifest.xml:25:13-37
130            android:theme="@android:style/Theme.Translucent.NoTitleBar" />
130-->[com.google.android.gms:play-services-base:17.1.0] AndroidManifest.xml:26:13-72
131
132        <meta-data
132-->[com.google.android.gms:play-services-basement:17.0.0] AndroidManifest.xml:23:9-25:69
133            android:name="com.google.android.gms.version"
133-->[com.google.android.gms:play-services-basement:17.0.0] AndroidManifest.xml:24:13-58
134            android:value="@integer/google_play_services_version" />
134-->[com.google.android.gms:play-services-basement:17.0.0] AndroidManifest.xml:25:13-66
135        <!--
136         The initialization ContentProvider will call FacebookSdk.sdkInitialize automatically
137         with the application context. This config is merged in with the host app's manifest,
138         but there can only be one provider with the same authority activated at any given
139         point; so if the end user has two or more different apps that use Facebook SDK, only the
140         first one will be able to use the provider. To work around this problem, we use the
141         following placeholder in the authority to identify each host application as if it was
142         a completely different provider.
143        -->
144        <provider
144-->[com.facebook.android:facebook-core:5.5.1] AndroidManifest.xml:39:9-42:40
145            android:name="com.facebook.internal.FacebookInitProvider"
145-->[com.facebook.android:facebook-core:5.5.1] AndroidManifest.xml:40:13-70
146            android:authorities="com.wigilabs.spotify.FacebookInitProvider"
146-->[com.facebook.android:facebook-core:5.5.1] AndroidManifest.xml:41:13-72
147            android:exported="false" />
147-->[com.facebook.android:facebook-core:5.5.1] AndroidManifest.xml:42:13-37
148
149        <receiver
149-->[com.facebook.android:facebook-core:5.5.1] AndroidManifest.xml:44:9-50:20
150            android:name="com.facebook.CurrentAccessTokenExpirationBroadcastReceiver"
150-->[com.facebook.android:facebook-core:5.5.1] AndroidManifest.xml:45:13-86
151            android:exported="false" >
151-->[com.facebook.android:facebook-core:5.5.1] AndroidManifest.xml:46:13-37
152            <intent-filter>
152-->[com.facebook.android:facebook-core:5.5.1] AndroidManifest.xml:47:13-49:29
153                <action android:name="com.facebook.sdk.ACTION_CURRENT_ACCESS_TOKEN_CHANGED" />
153-->[com.facebook.android:facebook-core:5.5.1] AndroidManifest.xml:48:17-95
153-->[com.facebook.android:facebook-core:5.5.1] AndroidManifest.xml:48:25-92
154            </intent-filter>
155        </receiver>
156        <receiver
156-->[com.facebook.android:facebook-core:5.5.1] AndroidManifest.xml:51:9-58:20
157            android:name="com.facebook.CampaignTrackingReceiver"
157-->[com.facebook.android:facebook-core:5.5.1] AndroidManifest.xml:52:13-65
158            android:exported="true"
158-->[com.facebook.android:facebook-core:5.5.1] AndroidManifest.xml:53:13-36
159            android:permission="android.permission.INSTALL_PACKAGES" >
159-->[com.facebook.android:facebook-core:5.5.1] AndroidManifest.xml:54:13-69
160            <intent-filter>
160-->[com.facebook.android:facebook-core:5.5.1] AndroidManifest.xml:55:13-57:29
161                <action android:name="com.android.vending.INSTALL_REFERRER" />
161-->[com.facebook.android:facebook-core:5.5.1] AndroidManifest.xml:56:17-79
161-->[com.facebook.android:facebook-core:5.5.1] AndroidManifest.xml:56:25-76
162            </intent-filter>
163        </receiver>
164    </application>
165
166</manifest>